<?xml version="1.0" encoding="UTF-8"?>
<!-- Generated by org.testng.reporters.JUnitXMLReporter -->
<testsuite hostname="LAPTOP-ST268433" ignored="5" name="Default test" tests="1" failures="0" timestamp="11 Jul 2018 16:04:55 GMT" time="27.344" errors="0">
  <testcase name="searchUsingSpecialChar" time="21.507" classname="com.seleniummaven.search.Search"/>
  <testcase name="OpenProdPageBySearch" time="0.0" classname="com.seleniummaven.search.Search">
    <ignored/>
  </testcase> <!-- OpenProdPageBySearch -->
  <testcase name="searchResultDisplay" time="0.0" classname="com.seleniummaven.search.Search">
    <ignored/>
  </testcase> <!-- searchResultDisplay -->
  <testcase name="validateSearch" time="0.0" classname="com.seleniummaven.search.Search">
    <ignored/>
  </testcase> <!-- validateSearch -->
  <testcase name="searchItemByEnterKey" time="0.0" classname="com.seleniummaven.search.Search">
    <ignored/>
  </testcase> <!-- searchItemByEnterKey -->
  <testcase name="noResultsFound" time="0.0" classname="com.seleniummaven.search.Search">
    <ignored/>
  </testcase> <!-- noResultsFound -->
</testsuite> <!-- Default test -->
