<?xml version="1.0" encoding="UTF-8"?>
<!-- Generated by org.testng.reporters.JUnitXMLReporter -->
<testsuite hostname="LAPTOP-ST268433" ignored="2" name="FacebookLogin" tests="1" failures="0" timestamp="13 Aug 2019 09:14:57 GMT" time="83.41" errors="0">
  <testcase name="addReviewForWalletHub" time="83.37" classname="com.seleniummaven.search.test"/>
  <testcase name="testmethod" time="0.0" classname="com.seleniummaven.search.test">
    <ignored/>
  </testcase> <!-- testmethod -->
  <testcase name="testFacebookLogin" time="0.0" classname="com.seleniummaven.search.test">
    <ignored/>
  </testcase> <!-- testFacebookLogin -->
</testsuite> <!-- FacebookLogin -->
