<?xml version="1.0" encoding="UTF-8"?>
<!-- Generated by org.testng.reporters.JUnitXMLReporter -->
<testsuite hostname="LAPTOP-ST268433" ignored="5" name="Test One" tests="1" failures="1" timestamp="30 Mar 2018 12:53:36 GMT" time="23.7" errors="0">
  <testcase name="searchResultDisplay" time="16.006" classname="com.seleniummaven.search.Search">
    <failure type="junit.framework.AssertionFailedError">
      <![CDATA[junit.framework.AssertionFailedError
	at junit.framework.Assert.fail(Assert.java:47)
	at junit.framework.Assert.assertTrue(Assert.java:20)
	at junit.framework.Assert.assertTrue(Assert.java:27)
	at com.seleniummaven.search.Search.searchResultDisplay(Search.java:147)
... Removed 25 stack frames]]>
    </failure>
  </testcase> <!-- searchResultDisplay -->
  <testcase name="OpenProdPageBySearch" time="0.0" classname="com.seleniummaven.search.Search">
    <ignored/>
  </testcase> <!-- OpenProdPageBySearch -->
  <testcase name="validateSearch" time="0.0" classname="com.seleniummaven.search.Search">
    <ignored/>
  </testcase> <!-- validateSearch -->
  <testcase name="searchItemByEnterKey" time="0.0" classname="com.seleniummaven.search.Search">
    <ignored/>
  </testcase> <!-- searchItemByEnterKey -->
  <testcase name="searchUsingSpecialChar" time="0.0" classname="com.seleniummaven.search.Search">
    <ignored/>
  </testcase> <!-- searchUsingSpecialChar -->
  <testcase name="noResultsFound" time="0.0" classname="com.seleniummaven.search.Search">
    <ignored/>
  </testcase> <!-- noResultsFound -->
</testsuite> <!-- Test One -->
