<?xml version="1.0" encoding="UTF-8"?>
<!-- Generated by org.testng.reporters.JUnitXMLReporter -->
<testsuite hostname="mathina-PC" ignored="5" name="Test One" tests="1" failures="0" timestamp="30 Jun 2018 03:41:40 GMT" time="24.357" errors="0">
  <testcase name="searchUsingSpecialChar" time="11.483" classname="com.seleniummaven.search.Search"/>
  <testcase name="OpenProdPageBySearch" time="0.0" classname="com.seleniummaven.search.Search">
    <ignored/>
  </testcase> <!-- OpenProdPageBySearch -->
  <testcase name="searchResultDisplay" time="0.0" classname="com.seleniummaven.search.Search">
    <ignored/>
  </testcase> <!-- searchResultDisplay -->
  <testcase name="validateSearch" time="0.0" classname="com.seleniummaven.search.Search">
    <ignored/>
  </testcase> <!-- validateSearch -->
  <testcase name="searchItemByEnterKey" time="0.0" classname="com.seleniummaven.search.Search">
    <ignored/>
  </testcase> <!-- searchItemByEnterKey -->
  <testcase name="noResultsFound" time="0.0" classname="com.seleniummaven.search.Search">
    <ignored/>
  </testcase> <!-- noResultsFound -->
</testsuite> <!-- Test One -->
