<?xml version="1.0" encoding="UTF-8"?>
<testng-results skipped="0" failed="0" ignored="2" total="3" passed="1">
  <reporter-output>
  </reporter-output>
  <suite name="Automation" duration-ms="83410" started-at="2019-08-13T09:13:33Z" finished-at="2019-08-13T09:14:57Z">
    <groups>
    </groups>
    <test name="FacebookLogin" duration-ms="83410" started-at="2019-08-13T09:13:33Z" finished-at="2019-08-13T09:14:57Z">
      <class name="com.seleniummaven.search.test">
        <test-method status="PASS" signature="addReviewForWalletHub()[pri:0, instance:com.seleniummaven.search.test@175c2241]" name="addReviewForWalletHub" duration-ms="83370" started-at="2019-08-13T14:43:34Z" finished-at="2019-08-13T14:44:57Z">
          <reporter-output>
          </reporter-output>
        </test-method> <!-- addReviewForWalletHub -->
      </class> <!-- com.seleniummaven.search.test -->
    </test> <!-- FacebookLogin -->
  </suite> <!-- Automation -->
</testng-results>
