<?xml version="1.0" encoding="UTF-8"?>
<testng-results skipped="0" failed="1" ignored="5" total="6" passed="0">
  <reporter-output>
  </reporter-output>
  <suite name="Automation" duration-ms="23700" started-at="2018-03-30T12:53:12Z" finished-at="2018-03-30T12:53:36Z">
    <groups>
    </groups>
    <test name="Test One" duration-ms="23700" started-at="2018-03-30T12:53:12Z" finished-at="2018-03-30T12:53:36Z">
      <class name="com.seleniummaven.search.Search">
        <test-method status="PASS" signature="loadProperties()[pri:0, instance:com.seleniummaven.search.Search@335eadca]" name="loadProperties" is-config="true" duration-ms="6738" started-at="2018-03-30T18:23:12Z" finished-at="2018-03-30T18:23:19Z">
          <reporter-output>
          </reporter-output>
        </test-method> <!-- loadProperties -->
        <test-method status="PASS" signature="browserLaunch()[pri:0, instance:com.seleniummaven.search.Search@335eadca]" name="browserLaunch" is-config="true" duration-ms="936" started-at="2018-03-30T18:23:19Z" finished-at="2018-03-30T18:23:20Z">
          <reporter-output>
          </reporter-output>
        </test-method> <!-- browserLaunch -->
        <test-method status="FAIL" signature="searchResultDisplay()[pri:0, instance:com.seleniummaven.search.Search@335eadca]" name="searchResultDisplay" duration-ms="16006" started-at="2018-03-30T18:23:20Z" finished-at="2018-03-30T18:23:36Z">
          <exception class="junit.framework.AssertionFailedError">
            <full-stacktrace>
              <![CDATA[junit.framework.AssertionFailedError
	at junit.framework.Assert.fail(Assert.java:47)
	at junit.framework.Assert.assertTrue(Assert.java:20)
	at junit.framework.Assert.assertTrue(Assert.java:27)
	at com.seleniummaven.search.Search.searchResultDisplay(Search.java:147)
	at sun.reflect.NativeMethodAccessorImpl.invoke0(Native Method)
	at sun.reflect.NativeMethodAccessorImpl.invoke(NativeMethodAccessorImpl.java:62)
	at sun.reflect.DelegatingMethodAccessorImpl.invoke(DelegatingMethodAccessorImpl.java:43)
	at java.lang.reflect.Method.invoke(Method.java:498)
	at org.testng.internal.MethodInvocationHelper.invokeMethod(MethodInvocationHelper.java:104)
	at org.testng.internal.Invoker.invokeMethod(Invoker.java:645)
	at org.testng.internal.Invoker.invokeTestMethod(Invoker.java:851)
	at org.testng.internal.Invoker.invokeTestMethods(Invoker.java:1177)
	at org.testng.internal.TestMethodWorker.invokeTestMethods(TestMethodWorker.java:129)
	at org.testng.internal.TestMethodWorker.run(TestMethodWorker.java:112)
	at org.testng.TestRunner.privateRun(TestRunner.java:756)
	at org.testng.TestRunner.run(TestRunner.java:610)
	at org.testng.SuiteRunner.runTest(SuiteRunner.java:387)
	at org.testng.SuiteRunner.runSequentially(SuiteRunner.java:382)
	at org.testng.SuiteRunner.privateRun(SuiteRunner.java:340)
	at org.testng.SuiteRunner.run(SuiteRunner.java:289)
	at org.testng.SuiteRunnerWorker.runSuite(SuiteRunnerWorker.java:52)
	at org.testng.SuiteRunnerWorker.run(SuiteRunnerWorker.java:86)
	at org.testng.TestNG.runSuitesSequentially(TestNG.java:1293)
	at org.testng.TestNG.runSuitesLocally(TestNG.java:1218)
	at org.testng.TestNG.runSuites(TestNG.java:1133)
	at org.testng.TestNG.run(TestNG.java:1104)
	at org.testng.remote.AbstractRemoteTestNG.run(AbstractRemoteTestNG.java:132)
	at org.testng.remote.RemoteTestNG.initAndRun(RemoteTestNG.java:236)
	at org.testng.remote.RemoteTestNG.main(RemoteTestNG.java:81)
]]>
            </full-stacktrace>
          </exception> <!-- junit.framework.AssertionFailedError -->
          <reporter-output>
          </reporter-output>
        </test-method> <!-- searchResultDisplay -->
        <test-method status="PASS" signature="tearUp()[pri:0, instance:com.seleniummaven.search.Search@335eadca]" name="tearUp" is-config="true" duration-ms="0" started-at="2018-03-30T18:23:36Z" finished-at="2018-03-30T18:23:36Z">
          <reporter-output>
          </reporter-output>
        </test-method> <!-- tearUp -->
      </class> <!-- com.seleniummaven.search.Search -->
    </test> <!-- Test One -->
  </suite> <!-- Automation -->
</testng-results>
