<?xml version="1.0" encoding="UTF-8"?>
<!-- Generated by org.testng.reporters.JUnitXMLReporter -->
<testsuite hostname="LAPTOP-ST268433" ignored="1" name="Test One" tests="1" failures="0" timestamp="16 Jan 2018 12:50:45 GMT" time="37.995" errors="0">
  <testcase name="validateSearch" time="22.654" classname="com.seleniummaven.search.Search"/>
  <testcase name="OpenProdPageBySearch" time="0.0" classname="com.seleniummaven.search.Search">
    <ignored/>
  </testcase> <!-- OpenProdPageBySearch -->
</testsuite> <!-- Test One -->
