<?xml version="1.0" encoding="UTF-8"?>
<!-- Generated by org.testng.reporters.JUnitXMLReporter -->
<testsuite hostname="LAPTOP-ST268433" ignored="3" name="Reqres demo testing" tests="1" failures="0" timestamp="23 Aug 2019 02:50:10 GMT" time="1.739" errors="0">
  <testcase name="singleUser" time="1.667" classname="com.seleniummaven.RESTTest.ReqresTest"/>
  <testcase name="createUser" time="0.0" classname="com.seleniummaven.RESTTest.ReqresTest">
    <ignored/>
  </testcase> <!-- createUser -->
  <testcase name="getMultiUsers" time="0.0" classname="com.seleniummaven.RESTTest.ReqresTest">
    <ignored/>
  </testcase> <!-- getMultiUsers -->
  <testcase name="testGetSingleUser" time="0.0" classname="com.seleniummaven.RESTTest.ReqresTest">
    <ignored/>
  </testcase> <!-- testGetSingleUser -->
</testsuite> <!-- Reqres demo testing -->
