<?xml version="1.0" encoding="UTF-8"?>
<!-- Generated by org.testng.reporters.JUnitXMLReporter -->
<testsuite hostname="LAPTOP-ST268433" ignored="1" name="Reqres demo testing" tests="1" failures="0" timestamp="18 Feb 2019 11:17:55 GMT" time="4.384" errors="0">
  <testcase name="getMultiUsers" time="4.364" classname="com.seleniummaven.RESTTest.ReqresTest"/>
  <testcase name="testGetSingleUser" time="0.0" classname="com.seleniummaven.RESTTest.ReqresTest">
    <ignored/>
  </testcase> <!-- testGetSingleUser -->
</testsuite> <!-- Reqres demo testing -->
